build/app/intermediates/manifest_merge_blame_file/release/manifest-merger-blame-release-report.txt
1<?xml version="1.0" encoding="utf-8"?>
2<manifest xmlns:android="http://schemas.android.com/apk/res/android"
3    package="com.m3akPharm"
4    android:versionCode="29"
5    android:versionName="2.1.8" >
6
7    <uses-sdk
8        android:minSdkVersion="20"
8-->src/main/AndroidManifest.xml
9        android:targetSdkVersion="31" />
9-->src/main/AndroidManifest.xml
10
11    <queries>
11-->src/main/AndroidManifest.xml:4:13-26:21
12        <provider android:authorities="com.facebook.katana.provider.PlatformProvider" />
12-->src/main/AndroidManifest.xml:5:17-97
12-->src/main/AndroidManifest.xml:5:27-94
13        <!-- If your app opens https URLs -->
14        <intent>
14-->src/main/AndroidManifest.xml:7:17-10:26
15            <action android:name="android.intent.action.VIEW" />
15-->src/main/AndroidManifest.xml:8:17-69
15-->src/main/AndroidManifest.xml:8:25-66
16
17            <data android:scheme="https" />
17-->src/main/AndroidManifest.xml:9:17-48
17-->src/main/AndroidManifest.xml:9:23-45
18        </intent>
19        <!-- If your app makes calls -->
20        <intent>
20-->src/main/AndroidManifest.xml:12:17-15:26
21            <action android:name="android.intent.action.DIAL" />
21-->src/main/AndroidManifest.xml:13:17-69
21-->src/main/AndroidManifest.xml:13:25-66
22
23            <data android:scheme="tel" />
23-->src/main/AndroidManifest.xml:9:17-48
23-->src/main/AndroidManifest.xml:9:23-45
24        </intent>
25        <!-- If your sends SMS messages -->
26        <intent>
26-->src/main/AndroidManifest.xml:17:17-20:26
27            <action android:name="android.intent.action.SENDTO" />
27-->src/main/AndroidManifest.xml:18:17-71
27-->src/main/AndroidManifest.xml:18:25-68
28
29            <data android:scheme="smsto" />
29-->src/main/AndroidManifest.xml:9:17-48
29-->src/main/AndroidManifest.xml:9:23-45
30        </intent>
31        <!-- If your app sends emails -->
32        <intent>
32-->src/main/AndroidManifest.xml:22:17-25:26
33            <action android:name="android.intent.action.SEND" />
33-->src/main/AndroidManifest.xml:23:17-69
33-->src/main/AndroidManifest.xml:23:25-66
34
35            <data android:mimeType="*/*" />
35-->src/main/AndroidManifest.xml:9:17-48
35-->src/main/AndroidManifest.xml:24:23-45
36        </intent>
37        <intent>
37-->[:flutter_inappwebview] AndroidManifest.xml:8:9-10:18
38            <action android:name="android.support.customtabs.action.CustomTabsService" />
38-->[:flutter_inappwebview] AndroidManifest.xml:9:13-90
38-->[:flutter_inappwebview] AndroidManifest.xml:9:21-87
39        </intent>
40    </queries>
41
42    <uses-permission android:name="android.permission.INTERNET" />
42-->src/main/AndroidManifest.xml:27:4-65
42-->src/main/AndroidManifest.xml:27:21-63
43    <uses-permission android:name="android.permission.ACCESS_COARSE_LOCATION" />
43-->src/main/AndroidManifest.xml:28:4-79
43-->src/main/AndroidManifest.xml:28:21-77
44    <uses-permission android:name="android.permission.ACCESS_FINE_LOCATION" />
44-->src/main/AndroidManifest.xml:29:4-77
44-->src/main/AndroidManifest.xml:29:21-75
45    <uses-permission android:name="android.permission.WAKE_LOCK" />
45-->[:firebase_messaging] AndroidManifest.xml:8:5-68
45-->[:firebase_messaging] AndroidManifest.xml:8:22-65
46    <uses-permission android:name="android.permission.ACCESS_NETWORK_STATE" />
46-->[:firebase_messaging] AndroidManifest.xml:9:5-79
46-->[:firebase_messaging] AndroidManifest.xml:9:22-76
47    <uses-permission android:name="android.permission.RECEIVE_BOOT_COMPLETED" />
47-->[:flutter_local_notifications] AndroidManifest.xml:7:5-81
47-->[:flutter_local_notifications] AndroidManifest.xml:7:22-78
48    <uses-permission android:name="android.permission.VIBRATE" />
48-->[:flutter_local_notifications] AndroidManifest.xml:8:5-66
48-->[:flutter_local_notifications] AndroidManifest.xml:8:22-63
49    <uses-permission android:name="android.permission.USE_FULL_SCREEN_INTENT" />
49-->[:flutter_local_notifications] AndroidManifest.xml:9:5-81
49-->[:flutter_local_notifications] AndroidManifest.xml:9:22-78
50    <uses-permission android:name="android.permission.SCHEDULE_EXACT_ALARM" />
50-->[:flutter_local_notifications] AndroidManifest.xml:10:5-79
50-->[:flutter_local_notifications] AndroidManifest.xml:10:22-76
51
52    <uses-feature
52-->[com.google.android.gms:play-services-maps:17.0.0] AndroidManifest.xml:26:5-28:35
53        android:glEsVersion="0x00020000"
53-->[com.google.android.gms:play-services-maps:17.0.0] AndroidManifest.xml:27:9-41
54        android:required="true" /> <!-- Required by older versions of Google Play services to create IID tokens -->
54-->[com.google.android.gms:play-services-maps:17.0.0] AndroidManifest.xml:28:9-32
55    <uses-permission android:name="com.google.android.c2dm.permission.RECEIVE" />
55-->[com.google.firebase:firebase-messaging:23.0.4] AndroidManifest.xml:28:5-82
55-->[com.google.firebase:firebase-messaging:23.0.4] AndroidManifest.xml:28:22-79
56    <uses-permission android:name="com.google.android.gms.permission.AD_ID" />
56-->[com.google.android.gms:play-services-measurement-api:21.0.0] AndroidManifest.xml:25:5-79
56-->[com.google.android.gms:play-services-measurement-api:21.0.0] AndroidManifest.xml:25:22-76
57    <uses-permission android:name="com.google.android.finsky.permission.BIND_GET_INSTALL_REFERRER_SERVICE" />
57-->[com.google.android.gms:play-services-measurement:21.0.0] AndroidManifest.xml:26:5-110
57-->[com.google.android.gms:play-services-measurement:21.0.0] AndroidManifest.xml:26:22-107
58    <uses-permission android:name="android.permission.CAMERA" /> <!-- Don't require camera, as this requires a rear camera. This allows it to work on the Nexus 7 -->
58-->[com.journeyapps:zxing-android-embedded:4.3.0] AndroidManifest.xml:22:5-65
58-->[com.journeyapps:zxing-android-embedded:4.3.0] AndroidManifest.xml:22:22-62
59    <uses-feature
59-->[com.journeyapps:zxing-android-embedded:4.3.0] AndroidManifest.xml:25:5-27:36
60        android:name="android.hardware.camera"
60-->[com.journeyapps:zxing-android-embedded:4.3.0] AndroidManifest.xml:26:9-47
61        android:required="false" />
61-->[com.journeyapps:zxing-android-embedded:4.3.0] AndroidManifest.xml:27:9-33
62    <uses-feature
62-->[com.journeyapps:zxing-android-embedded:4.3.0] AndroidManifest.xml:28:5-30:36
63        android:name="android.hardware.camera.front"
63-->[com.journeyapps:zxing-android-embedded:4.3.0] AndroidManifest.xml:29:9-53
64        android:required="false" /> <!-- TODO replace above two with next line after Android 4.2 -->
64-->[com.journeyapps:zxing-android-embedded:4.3.0] AndroidManifest.xml:30:9-33
65    <!-- <uses-feature android:name="android.hardware.camera.any"/> -->
66    <uses-feature
66-->[com.journeyapps:zxing-android-embedded:4.3.0] AndroidManifest.xml:33:5-35:36
67        android:name="android.hardware.camera.autofocus"
67-->[com.journeyapps:zxing-android-embedded:4.3.0] AndroidManifest.xml:34:9-57
68        android:required="false" />
68-->[com.journeyapps:zxing-android-embedded:4.3.0] AndroidManifest.xml:35:9-33
69    <uses-feature
69-->[com.journeyapps:zxing-android-embedded:4.3.0] AndroidManifest.xml:36:5-38:36
70        android:name="android.hardware.camera.flash"
70-->[com.journeyapps:zxing-android-embedded:4.3.0] AndroidManifest.xml:37:9-53
71        android:required="false" />
71-->[com.journeyapps:zxing-android-embedded:4.3.0] AndroidManifest.xml:38:9-33
72    <uses-feature
72-->[com.journeyapps:zxing-android-embedded:4.3.0] AndroidManifest.xml:39:5-41:36
73        android:name="android.hardware.screen.landscape"
73-->[com.journeyapps:zxing-android-embedded:4.3.0] AndroidManifest.xml:40:9-57
74        android:required="false" />
74-->[com.journeyapps:zxing-android-embedded:4.3.0] AndroidManifest.xml:41:9-33
75    <uses-feature
75-->[com.journeyapps:zxing-android-embedded:4.3.0] AndroidManifest.xml:42:5-44:36
76        android:name="android.hardware.wifi"
76-->[com.journeyapps:zxing-android-embedded:4.3.0] AndroidManifest.xml:43:9-45
77        android:required="false" />
77-->[com.journeyapps:zxing-android-embedded:4.3.0] AndroidManifest.xml:44:9-33
78
79    <application
80        android:name="android.app.Application"
80-->src/main/AndroidManifest.xml:32:9-42
81        android:appComponentFactory="androidx.core.app.CoreComponentFactory"
81-->[androidx.core:core:1.8.0] AndroidManifest.xml:24:18-86
82        android:icon="@mipmap/ic_launcher"
82-->src/main/AndroidManifest.xml:33:9-43
83        android:label="Ma3ak"
83-->src/main/AndroidManifest.xml:31:9-30
84        android:supportsRtl="true" >
84-->[com.facebook.android:facebook-login:13.2.0] AndroidManifest.xml:28:18-44
85
86        <!-- TODO: Add your Google Maps API key here -->
87        <meta-data
87-->src/main/AndroidManifest.xml:38:9-39:73
88            android:name="com.google.android.geo.API_KEY"
88-->src/main/AndroidManifest.xml:38:20-65
89            android:value="AIzaSyAarsjUcb68FH042UkOW2WfF1V09lxd-_k" />
89-->src/main/AndroidManifest.xml:39:16-71
90
91        <activity
91-->src/main/AndroidManifest.xml:41:9-61:20
92            android:name="com.m3akPharm.MainActivity"
92-->src/main/AndroidManifest.xml:42:13-54
93            android:configChanges="orientation|keyboardHidden|keyboard|screenSize|smallestScreenSize|locale|layoutDirection|fontScale|screenLayout|density|uiMode"
93-->src/main/AndroidManifest.xml:46:13-163
94            android:exported="true"
94-->src/main/AndroidManifest.xml:43:13-36
95            android:hardwareAccelerated="true"
95-->src/main/AndroidManifest.xml:47:13-47
96            android:launchMode="singleTop"
96-->src/main/AndroidManifest.xml:44:13-43
97            android:theme="@style/LaunchTheme"
97-->src/main/AndroidManifest.xml:45:13-47
98            android:windowSoftInputMode="adjustResize" >
98-->src/main/AndroidManifest.xml:48:13-55
99
100            <!--
101                 Specifies an Android theme to apply to this Activity as soon as
102                 the Android process has started. This theme is visible to the user
103                 while the Flutter UI initializes. After that, this theme continues
104                 to determine the Window background behind the Flutter UI.
105            -->
106            <meta-data
106-->src/main/AndroidManifest.xml:53:13-56:17
107                android:name="io.flutter.embedding.android.NormalTheme"
107-->src/main/AndroidManifest.xml:54:15-70
108                android:resource="@style/NormalTheme" />
108-->src/main/AndroidManifest.xml:55:15-52
109
110            <intent-filter>
110-->src/main/AndroidManifest.xml:57:13-60:29
111                <action android:name="android.intent.action.MAIN" />
111-->src/main/AndroidManifest.xml:58:17-68
111-->src/main/AndroidManifest.xml:58:25-66
112
113                <category android:name="android.intent.category.LAUNCHER" />
113-->src/main/AndroidManifest.xml:59:17-76
113-->src/main/AndroidManifest.xml:59:27-74
114            </intent-filter>
115        </activity>
116        <!--
117             Don't delete the meta-data below.
118             This is used by the Flutter tool to generate GeneratedPluginRegistrant.java
119        -->
120        <meta-data
120-->src/main/AndroidManifest.xml:64:9-66:33
121            android:name="flutterEmbedding"
121-->src/main/AndroidManifest.xml:65:13-44
122            android:value="2" />
122-->src/main/AndroidManifest.xml:66:13-30
123        <meta-data
123-->src/main/AndroidManifest.xml:67:9-107
124            android:name="com.facebook.sdk.ApplicationId"
124-->src/main/AndroidManifest.xml:67:20-65
125            android:value="@string/facebook_app_id" />
125-->src/main/AndroidManifest.xml:67:66-105
126        <meta-data
126-->src/main/AndroidManifest.xml:68:9-111
127            android:name="com.facebook.sdk.ClientToken"
127-->src/main/AndroidManifest.xml:68:20-63
128            android:value="@string/facebook_client_token" />
128-->src/main/AndroidManifest.xml:68:64-109
129
130        <service
130-->[:firebase_auth] AndroidManifest.xml:8:9-12:19
131            android:name="com.google.firebase.components.ComponentDiscoveryService"
131-->[:firebase_auth] AndroidManifest.xml:8:18-89
132            android:directBootAware="true"
132-->[com.google.firebase:firebase-common:20.1.1] AndroidManifest.xml:35:13-43
133            android:exported="false" >
133-->[com.google.firebase:firebase-analytics-ktx:21.0.0] AndroidManifest.xml:10:13-37
134            <meta-data
134-->[:firebase_auth] AndroidManifest.xml:9:13-11:85
135                android:name="com.google.firebase.components:io.flutter.plugins.firebase.auth.FlutterFirebaseAuthRegistrar"
135-->[:firebase_auth] AndroidManifest.xml:10:17-124
136                android:value="com.google.firebase.components.ComponentRegistrar" />
136-->[:firebase_auth] AndroidManifest.xml:11:17-82
137            <meta-data
137-->[:firebase_messaging] AndroidManifest.xml:34:13-36:85
138                android:name="com.google.firebase.components:io.flutter.plugins.firebase.messaging.FlutterFirebaseAppRegistrar"
138-->[:firebase_messaging] AndroidManifest.xml:35:17-128
139                android:value="com.google.firebase.components.ComponentRegistrar" />
139-->[:firebase_messaging] AndroidManifest.xml:36:17-82
140            <meta-data
140-->[:firebase_core] AndroidManifest.xml:9:13-11:85
141                android:name="com.google.firebase.components:io.flutter.plugins.firebase.core.FlutterFirebaseCoreRegistrar"
141-->[:firebase_core] AndroidManifest.xml:10:17-124
142                android:value="com.google.firebase.components.ComponentRegistrar" />
142-->[:firebase_core] AndroidManifest.xml:11:17-82
143            <meta-data
143-->[com.google.firebase:firebase-analytics-ktx:21.0.0] AndroidManifest.xml:11:13-13:85
144                android:name="com.google.firebase.components:com.google.firebase.analytics.ktx.FirebaseAnalyticsKtxRegistrar"
144-->[com.google.firebase:firebase-analytics-ktx:21.0.0] AndroidManifest.xml:12:17-126
145                android:value="com.google.firebase.components.ComponentRegistrar" />
145-->[com.google.firebase:firebase-analytics-ktx:21.0.0] AndroidManifest.xml:13:17-82
146            <meta-data
146-->[com.google.firebase:firebase-common-ktx:20.1.1] AndroidManifest.xml:15:13-17:85
147                android:name="com.google.firebase.components:com.google.firebase.ktx.FirebaseCommonKtxRegistrar"
147-->[com.google.firebase:firebase-common-ktx:20.1.1] AndroidManifest.xml:16:17-113
148                android:value="com.google.firebase.components.ComponentRegistrar" />
148-->[com.google.firebase:firebase-common-ktx:20.1.1] AndroidManifest.xml:17:17-82
149            <meta-data
149-->[com.google.firebase:firebase-auth:21.0.4] AndroidManifest.xml:67:13-69:85
150                android:name="com.google.firebase.components:com.google.firebase.auth.FirebaseAuthRegistrar"
150-->[com.google.firebase:firebase-auth:21.0.4] AndroidManifest.xml:68:17-109
151                android:value="com.google.firebase.components.ComponentRegistrar" />
151-->[com.google.firebase:firebase-auth:21.0.4] AndroidManifest.xml:69:17-82
152            <meta-data
152-->[com.google.firebase:firebase-messaging:23.0.4] AndroidManifest.xml:55:13-57:85
153                android:name="com.google.firebase.components:com.google.firebase.messaging.FirebaseMessagingRegistrar"
153-->[com.google.firebase:firebase-messaging:23.0.4] AndroidManifest.xml:56:17-119
154                android:value="com.google.firebase.components.ComponentRegistrar" />
154-->[com.google.firebase:firebase-messaging:23.0.4] AndroidManifest.xml:57:17-82
155            <meta-data
155-->[com.google.firebase:firebase-datatransport:18.1.3] AndroidManifest.xml:28:13-30:85
156                android:name="com.google.firebase.components:com.google.firebase.datatransport.TransportRegistrar"
156-->[com.google.firebase:firebase-datatransport:18.1.3] AndroidManifest.xml:29:17-115
157                android:value="com.google.firebase.components.ComponentRegistrar" />
157-->[com.google.firebase:firebase-datatransport:18.1.3] AndroidManifest.xml:30:17-82
158            <meta-data
158-->[com.google.android.gms:play-services-measurement-api:21.0.0] AndroidManifest.xml:31:13-33:85
159                android:name="com.google.firebase.components:com.google.firebase.analytics.connector.internal.AnalyticsConnectorRegistrar"
159-->[com.google.android.gms:play-services-measurement-api:21.0.0] AndroidManifest.xml:32:17-139
160                android:value="com.google.firebase.components.ComponentRegistrar" />
160-->[com.google.android.gms:play-services-measurement-api:21.0.0] AndroidManifest.xml:33:17-82
161            <meta-data
161-->[com.google.firebase:firebase-installations:17.0.1] AndroidManifest.xml:18:13-20:85
162                android:name="com.google.firebase.components:com.google.firebase.installations.FirebaseInstallationsRegistrar"
162-->[com.google.firebase:firebase-installations:17.0.1] AndroidManifest.xml:19:17-127
163                android:value="com.google.firebase.components.ComponentRegistrar" />
163-->[com.google.firebase:firebase-installations:17.0.1] AndroidManifest.xml:20:17-82
164        </service>
165        <service
165-->[:firebase_messaging] AndroidManifest.xml:12:9-15:72
166            android:name="io.flutter.plugins.firebase.messaging.FlutterFirebaseMessagingBackgroundService"
166-->[:firebase_messaging] AndroidManifest.xml:13:13-107
167            android:exported="false"
167-->[:firebase_messaging] AndroidManifest.xml:14:13-37
168            android:permission="android.permission.BIND_JOB_SERVICE" />
168-->[:firebase_messaging] AndroidManifest.xml:15:13-69
169        <service
169-->[:firebase_messaging] AndroidManifest.xml:16:9-22:19
170            android:name="io.flutter.plugins.firebase.messaging.FlutterFirebaseMessagingService"
170-->[:firebase_messaging] AndroidManifest.xml:17:13-97
171            android:exported="false" >
171-->[:firebase_messaging] AndroidManifest.xml:18:13-37
172            <intent-filter>
172-->[:firebase_messaging] AndroidManifest.xml:19:13-21:29
173                <action android:name="com.google.firebase.MESSAGING_EVENT" />
173-->[:firebase_messaging] AndroidManifest.xml:20:17-78
173-->[:firebase_messaging] AndroidManifest.xml:20:25-75
174            </intent-filter>
175        </service>
176
177        <receiver
177-->[:firebase_messaging] AndroidManifest.xml:24:9-31:20
178            android:name="io.flutter.plugins.firebase.messaging.FlutterFirebaseMessagingReceiver"
178-->[:firebase_messaging] AndroidManifest.xml:25:13-98
179            android:exported="true"
179-->[:firebase_messaging] AndroidManifest.xml:26:13-36
180            android:permission="com.google.android.c2dm.permission.SEND" >
180-->[:firebase_messaging] AndroidManifest.xml:27:13-73
181            <intent-filter>
181-->[:firebase_messaging] AndroidManifest.xml:28:13-30:29
182                <action android:name="com.google.android.c2dm.intent.RECEIVE" />
182-->[:firebase_messaging] AndroidManifest.xml:29:17-81
182-->[:firebase_messaging] AndroidManifest.xml:29:25-78
183            </intent-filter>
184        </receiver>
185
186        <provider
186-->[:firebase_messaging] AndroidManifest.xml:39:9-43:38
187            android:name="io.flutter.plugins.firebase.messaging.FlutterFirebaseMessagingInitProvider"
187-->[:firebase_messaging] AndroidManifest.xml:40:13-102
188            android:authorities="com.m3akPharm.flutterfirebasemessaginginitprovider"
188-->[:firebase_messaging] AndroidManifest.xml:41:13-88
189            android:exported="false"
189-->[:firebase_messaging] AndroidManifest.xml:42:13-37
190            android:initOrder="99" />
190-->[:firebase_messaging] AndroidManifest.xml:43:13-35
191        <provider
191-->[:image_picker_android] AndroidManifest.xml:8:9-16:20
192            android:name="io.flutter.plugins.imagepicker.ImagePickerFileProvider"
192-->[:image_picker_android] AndroidManifest.xml:9:13-82
193            android:authorities="com.m3akPharm.flutter.image_provider"
193-->[:image_picker_android] AndroidManifest.xml:10:13-74
194            android:exported="false"
194-->[:image_picker_android] AndroidManifest.xml:11:13-37
195            android:grantUriPermissions="true" >
195-->[:image_picker_android] AndroidManifest.xml:12:13-47
196            <meta-data
196-->[:image_picker_android] AndroidManifest.xml:13:13-15:75
197                android:name="android.support.FILE_PROVIDER_PATHS"
197-->[:image_picker_android] AndroidManifest.xml:14:17-67
198                android:resource="@xml/flutter_image_picker_file_paths" />
198-->[:image_picker_android] AndroidManifest.xml:15:17-72
199        </provider>
200
201        <receiver
201-->[:flutter_local_notifications] AndroidManifest.xml:13:9-15:40
202            android:name="com.dexterous.flutterlocalnotifications.ScheduledNotificationReceiver"
202-->[:flutter_local_notifications] AndroidManifest.xml:14:13-97
203            android:exported="false" />
203-->[:flutter_local_notifications] AndroidManifest.xml:15:13-37
204        <receiver
204-->[:flutter_local_notifications] AndroidManifest.xml:16:9-25:20
205            android:name="com.dexterous.flutterlocalnotifications.ScheduledNotificationBootReceiver"
205-->[:flutter_local_notifications] AndroidManifest.xml:17:13-101
206            android:exported="false" >
206-->[:flutter_local_notifications] AndroidManifest.xml:18:13-37
207            <intent-filter>
207-->[:flutter_local_notifications] AndroidManifest.xml:19:13-24:29
208                <action android:name="android.intent.action.BOOT_COMPLETED" />
208-->[:flutter_local_notifications] AndroidManifest.xml:20:17-79
208-->[:flutter_local_notifications] AndroidManifest.xml:20:25-76
209                <action android:name="android.intent.action.MY_PACKAGE_REPLACED" />
209-->[:flutter_local_notifications] AndroidManifest.xml:21:17-84
209-->[:flutter_local_notifications] AndroidManifest.xml:21:25-81
210                <action android:name="android.intent.action.QUICKBOOT_POWERON" />
210-->[:flutter_local_notifications] AndroidManifest.xml:22:17-82
210-->[:flutter_local_notifications] AndroidManifest.xml:22:25-79
211                <action android:name="com.htc.intent.action.QUICKBOOT_POWERON" />
211-->[:flutter_local_notifications] AndroidManifest.xml:23:17-82
211-->[:flutter_local_notifications] AndroidManifest.xml:23:25-79
212            </intent-filter>
213        </receiver>
214
215        <activity
215-->[:url_launcher_android] AndroidManifest.xml:8:9-11:74
216            android:name="io.flutter.plugins.urllauncher.WebViewActivity"
216-->[:url_launcher_android] AndroidManifest.xml:9:13-74
217            android:exported="false"
217-->[:url_launcher_android] AndroidManifest.xml:10:13-37
218            android:theme="@android:style/Theme.NoTitleBar.Fullscreen" />
218-->[:url_launcher_android] AndroidManifest.xml:11:13-71
219        <activity
219-->[:flutter_inappwebview] AndroidManifest.xml:14:9-18:47
220            android:name="com.pichillilorenzo.flutter_inappwebview.in_app_browser.InAppBrowserActivity"
220-->[:flutter_inappwebview] AndroidManifest.xml:15:13-104
221            android:configChanges="orientation|keyboardHidden|keyboard|screenSize|locale|layoutDirection|fontScale|screenLayout|density"
221-->[:flutter_inappwebview] AndroidManifest.xml:16:13-137
222            android:exported="false"
222-->[:flutter_inappwebview] AndroidManifest.xml:17:13-37
223            android:theme="@style/AppTheme" />
223-->[:flutter_inappwebview] AndroidManifest.xml:18:13-44
224        <activity
224-->[:flutter_inappwebview] AndroidManifest.xml:19:9-22:55
225            android:name="com.pichillilorenzo.flutter_inappwebview.chrome_custom_tabs.ChromeCustomTabsActivity"
225-->[:flutter_inappwebview] AndroidManifest.xml:20:13-112
226            android:exported="false"
226-->[:flutter_inappwebview] AndroidManifest.xml:21:13-37
227            android:theme="@style/ThemeTransparent" />
227-->[:flutter_inappwebview] AndroidManifest.xml:22:13-52
228        <activity
228-->[:flutter_inappwebview] AndroidManifest.xml:23:9-26:55
229            android:name="com.pichillilorenzo.flutter_inappwebview.chrome_custom_tabs.TrustedWebActivity"
229-->[:flutter_inappwebview] AndroidManifest.xml:24:13-106
230            android:exported="false"
230-->[:flutter_inappwebview] AndroidManifest.xml:25:13-37
231            android:theme="@style/ThemeTransparent" />
231-->[:flutter_inappwebview] AndroidManifest.xml:26:13-52
232        <activity
232-->[:flutter_inappwebview] AndroidManifest.xml:27:9-31:55
233            android:name="com.pichillilorenzo.flutter_inappwebview.chrome_custom_tabs.ChromeCustomTabsActivitySingleInstance"
233-->[:flutter_inappwebview] AndroidManifest.xml:28:13-126
234            android:exported="false"
234-->[:flutter_inappwebview] AndroidManifest.xml:29:13-37
235            android:launchMode="singleInstance"
235-->[:flutter_inappwebview] AndroidManifest.xml:30:13-48
236            android:theme="@style/ThemeTransparent" />
236-->[:flutter_inappwebview] AndroidManifest.xml:31:13-52
237        <activity
237-->[:flutter_inappwebview] AndroidManifest.xml:32:9-36:55
238            android:name="com.pichillilorenzo.flutter_inappwebview.chrome_custom_tabs.TrustedWebActivitySingleInstance"
238-->[:flutter_inappwebview] AndroidManifest.xml:33:13-120
239            android:exported="false"
239-->[:flutter_inappwebview] AndroidManifest.xml:34:13-37
240            android:launchMode="singleInstance"
240-->[:flutter_inappwebview] AndroidManifest.xml:35:13-48
241            android:theme="@style/ThemeTransparent" />
241-->[:flutter_inappwebview] AndroidManifest.xml:36:13-52
242
243        <receiver
243-->[:flutter_inappwebview] AndroidManifest.xml:38:9-41:40
244            android:name="com.pichillilorenzo.flutter_inappwebview.chrome_custom_tabs.ActionBroadcastReceiver"
244-->[:flutter_inappwebview] AndroidManifest.xml:39:13-111
245            android:enabled="true"
245-->[:flutter_inappwebview] AndroidManifest.xml:40:13-35
246            android:exported="false" />
246-->[:flutter_inappwebview] AndroidManifest.xml:41:13-37
247
248        <meta-data
248-->[:flutter_inappwebview] AndroidManifest.xml:43:9-45:36
249            android:name="io.flutter.embedded_views_preview"
249-->[:flutter_inappwebview] AndroidManifest.xml:44:13-61
250            android:value="true" />
250-->[:flutter_inappwebview] AndroidManifest.xml:45:13-33
251
252        <service
252-->[:location] AndroidManifest.xml:11:9-15:56
253            android:name="com.lyokone.location.FlutterLocationService"
253-->[:location] AndroidManifest.xml:12:13-71
254            android:enabled="true"
254-->[:location] AndroidManifest.xml:13:13-35
255            android:exported="false"
255-->[:location] AndroidManifest.xml:14:13-37
256            android:foregroundServiceType="location" />
256-->[:location] AndroidManifest.xml:15:13-53
257
258        <uses-library
258-->[androidx.window:window:1.0.0-beta04] AndroidManifest.xml:25:9-27:40
259            android:name="androidx.window.extensions"
259-->[androidx.window:window:1.0.0-beta04] AndroidManifest.xml:26:13-54
260            android:required="false" />
260-->[androidx.window:window:1.0.0-beta04] AndroidManifest.xml:27:13-37
261        <uses-library
261-->[androidx.window:window:1.0.0-beta04] AndroidManifest.xml:28:9-30:40
262            android:name="androidx.window.sidecar"
262-->[androidx.window:window:1.0.0-beta04] AndroidManifest.xml:29:13-51
263            android:required="false" /> <!-- Needs to be explicitly declared on P+ -->
263-->[androidx.window:window:1.0.0-beta04] AndroidManifest.xml:30:13-37
264        <uses-library
264-->[com.google.android.gms:play-services-maps:17.0.0] AndroidManifest.xml:33:9-35:40
265            android:name="org.apache.http.legacy"
265-->[com.google.android.gms:play-services-maps:17.0.0] AndroidManifest.xml:34:13-50
266            android:required="false" />
266-->[com.google.android.gms:play-services-maps:17.0.0] AndroidManifest.xml:35:13-37
267
268        <activity
268-->[com.google.android.gms:play-services-auth:20.0.1] AndroidManifest.xml:23:9-27:75
269            android:name="com.google.android.gms.auth.api.signin.internal.SignInHubActivity"
269-->[com.google.android.gms:play-services-auth:20.0.1] AndroidManifest.xml:24:13-93
270            android:excludeFromRecents="true"
270-->[com.google.android.gms:play-services-auth:20.0.1] AndroidManifest.xml:25:13-46
271            android:exported="false"
271-->[com.google.android.gms:play-services-auth:20.0.1] AndroidManifest.xml:26:13-37
272            android:theme="@android:style/Theme.Translucent.NoTitleBar" />
272-->[com.google.android.gms:play-services-auth:20.0.1] AndroidManifest.xml:27:13-72
273        <!--
274            Service handling Google Sign-In user revocation. For apps that do not integrate with
275            Google Sign-In, this service will never be started.
276        -->
277        <service
277-->[com.google.android.gms:play-services-auth:20.0.1] AndroidManifest.xml:33:9-37:51
278            android:name="com.google.android.gms.auth.api.signin.RevocationBoundService"
278-->[com.google.android.gms:play-services-auth:20.0.1] AndroidManifest.xml:34:13-89
279            android:exported="true"
279-->[com.google.android.gms:play-services-auth:20.0.1] AndroidManifest.xml:35:13-36
280            android:permission="com.google.android.gms.auth.api.signin.permission.REVOCATION_NOTIFICATION"
280-->[com.google.android.gms:play-services-auth:20.0.1] AndroidManifest.xml:36:13-107
281            android:visibleToInstantApps="true" />
281-->[com.google.android.gms:play-services-auth:20.0.1] AndroidManifest.xml:37:13-48
282
283        <activity
283-->[com.facebook.android:facebook-common:13.2.0] AndroidManifest.xml:30:9-33:66
284            android:name="com.facebook.FacebookActivity"
284-->[com.facebook.android:facebook-common:13.2.0] AndroidManifest.xml:31:13-57